<?xml version="1.0" encoding="UTF-8"?>
<!-- Generated by org.testng.reporters.JUnitReportReporter -->
<testsuite skipped="0" hostname="krish" name="ext.e1" tests="1" failures="0" timestamp="2024-03-14T10:53:07 IST" time="3.792" errors="0">
  <testcase name="extentReportsDemo" time="3.792" classname="ext.e1"/>
  <system-out/>
</testsuite> <!-- ext.e1 -->
