<?xml version="1.0" encoding="UTF-8"?>
<!-- Generated by org.testng.reporters.JUnitReportReporter -->
<testsuite skipped="0" hostname="krish" name="lg.l1" tests="1" failures="0" timestamp="2024-03-13T10:51:14 IST" time="6.312" errors="0">
  <testcase name="t1" time="6.312" classname="lg.l1"/>
  <system-out/>
</testsuite> <!-- lg.l1 -->
